28/08/2023 09:57:33 - Get All Restaurant Data
28/08/2023 10:05:59 - Get All Restaurant Data
28/08/2023 10:12:40 - Get All Restaurant Data
28/08/2023 10:18:29 - Get Restaurant with ID 1
28/08/2023 10:20:17 - Get Restaurant with ID 1
28/08/2023 10:26:13 - Get Restaurant with ID 15
28/08/2023 10:28:26 - Get Restaurant with ID 15
28/08/2023 10:29:24 - Get Restaurant with ID 1
28/08/2023 10:59:02 - Get All Restaurant Data
28/08/2023 13:52:17 - Get All Restaurant Data
28/08/2023 13:52:29 - Get Restaurant with ID 1
28/08/2023 13:53:53 - Get Restaurant with ID 1
28/08/2023 13:58:23 - Create Restaurant with ID 11
28/08/2023 14:01:18 - Update Restaurant with ID 11
28/08/2023 14:01:23 - Update Restaurant with ID 11
28/08/2023 14:02:30 - Update Restaurant with ID 11
28/08/2023 14:02:41 - Update Restaurant with ID 11
28/08/2023 14:02:44 - Update Restaurant with ID 11
28/08/2023 14:03:16 - Update Restaurant with ID 11
28/08/2023 14:04:35 - Delete Restaurant with ID 11
