28/08/2023 09:57:33 - Get All Restaurant Data
28/08/2023 10:05:59 - Get All Restaurant Data
28/08/2023 10:12:40 - Get All Restaurant Data
28/08/2023 10:18:29 - Get Restaurant with ID 1
28/08/2023 10:20:17 - Get Restaurant with ID 1
28/08/2023 10:26:13 - Get Restaurant with ID 15
28/08/2023 10:28:26 - Get Restaurant with ID 15
28/08/2023 10:29:24 - Get Restaurant with ID 1
28/08/2023 10:59:02 - Get All Restaurant Data
28/08/2023 13:52:17 - Get All Restaurant Data
28/08/2023 13:52:29 - Get Restaurant with ID 1
28/08/2023 13:53:53 - Get Restaurant with ID 1
28/08/2023 13:58:23 - Create Restaurant with ID 11
28/08/2023 14:01:18 - Update Restaurant with ID 11
28/08/2023 14:01:23 - Update Restaurant with ID 11
28/08/2023 14:02:30 - Update Restaurant with ID 11
28/08/2023 14:02:41 - Update Restaurant with ID 11
28/08/2023 14:02:44 - Update Restaurant with ID 11
28/08/2023 14:03:16 - Update Restaurant with ID 11
28/08/2023 14:04:35 - Delete Restaurant with ID 11
28/08/2023 14:09:12 - Get REview for Restaurant with ID 1
28/08/2023 14:10:02 - Create new Review for Restaurant with ID 1
28/08/2023 14:10:46 - Create new Review for Restaurant with ID 1
28/08/2023 14:14:46 - Get User with ID 1
28/08/2023 14:16:11 - Get All User Data
28/08/2023 14:22:11 - Get All Orders Data
28/08/2023 14:22:11 - Get All Orders Data
28/08/2023 14:22:11 - Get All Orders Data
28/08/2023 14:22:11 - Get All Orders Data
28/08/2023 14:22:11 - Get All Orders Data
28/08/2023 14:22:11 - Get All Orders Data
28/08/2023 14:22:11 - Get All Orders Data
28/08/2023 14:22:59 - Get All Orders Data
28/08/2023 14:22:59 - Get All Orders Data
28/08/2023 14:22:59 - Get All Orders Data
28/08/2023 14:22:59 - Get All Orders Data
28/08/2023 14:22:59 - Get All Orders Data
28/08/2023 14:22:59 - Get All Orders Data
28/08/2023 14:22:59 - Get All Orders Data
28/08/2023 14:22:59 - Get Order with ID 2
28/08/2023 14:23:15 - Get All Orders Data
28/08/2023 14:23:15 - Get All Orders Data
28/08/2023 14:23:15 - Get All Orders Data
28/08/2023 14:23:15 - Get All Orders Data
28/08/2023 14:23:15 - Get All Orders Data
28/08/2023 14:23:15 - Get All Orders Data
28/08/2023 14:23:15 - Get All Orders Data
28/08/2023 14:23:15 - Get Order for Restaurant ID 2
28/08/2023 14:23:26 - Get All Orders Data
28/08/2023 14:23:26 - Get All Orders Data
28/08/2023 14:23:26 - Get All Orders Data
28/08/2023 14:23:26 - Get All Orders Data
28/08/2023 14:23:26 - Get All Orders Data
28/08/2023 14:23:26 - Get All Orders Data
28/08/2023 14:23:26 - Get All Orders Data
28/08/2023 14:23:26 - Get Order for User ID 1
28/08/2023 14:28:20 - Comeplete Order with ID 4
28/08/2023 14:28:50 - Comeplete Order with ID 5
28/08/2023 14:31:05 - Create Order with ID 8
28/08/2023 15:22:23 - Get All Restaurant Data
28/08/2023 15:23:11 - Get All Restaurant Data
28/08/2023 15:23:14 - Get Restaurant with ID 1
28/08/2023 15:23:18 - Create Restaurant with ID 11
28/08/2023 15:23:22 - Update Restaurant with ID 11
28/08/2023 15:23:26 - Delete Restaurant with ID 11
28/08/2023 15:23:30 - Get REview for Restaurant with ID 1
28/08/2023 15:23:34 - Get All Orders Data
28/08/2023 15:23:34 - Get All Orders Data
28/08/2023 15:23:34 - Get All Orders Data
28/08/2023 15:23:34 - Get All Orders Data
28/08/2023 15:23:34 - Get All Orders Data
28/08/2023 15:23:34 - Get All Orders Data
28/08/2023 15:23:34 - Get All Orders Data
28/08/2023 15:23:34 - Get All Orders Data
28/08/2023 15:23:34 - Get Order for Restaurant ID 2
28/08/2023 15:23:39 - Comeplete Order with ID 5
28/08/2023 15:27:01 - Get All Orders Data
28/08/2023 15:27:01 - Get All Orders Data
28/08/2023 15:27:01 - Get All Orders Data
28/08/2023 15:27:01 - Get All Orders Data
28/08/2023 15:27:01 - Get All Orders Data
28/08/2023 15:27:01 - Get All Orders Data
28/08/2023 15:27:01 - Get All Orders Data
28/08/2023 15:27:01 - Get All Orders Data
28/08/2023 15:27:05 - Get All Orders Data
28/08/2023 15:27:05 - Get All Orders Data
28/08/2023 15:27:05 - Get All Orders Data
28/08/2023 15:27:05 - Get All Orders Data
28/08/2023 15:27:05 - Get All Orders Data
28/08/2023 15:27:05 - Get All Orders Data
28/08/2023 15:27:05 - Get All Orders Data
28/08/2023 15:27:05 - Get All Orders Data
28/08/2023 15:27:05 - Get Order with ID 2
28/08/2023 15:27:08 - Create Order with ID 9
28/08/2023 15:27:13 - Get All Orders Data
28/08/2023 15:27:13 - Get All Orders Data
28/08/2023 15:27:13 - Get All Orders Data
28/08/2023 15:27:13 - Get All Orders Data
28/08/2023 15:27:13 - Get All Orders Data
28/08/2023 15:27:13 - Get All Orders Data
28/08/2023 15:27:13 - Get All Orders Data
28/08/2023 15:27:13 - Get All Orders Data
28/08/2023 15:27:13 - Get All Orders Data
28/08/2023 15:27:13 - Get Order for User ID 1
28/08/2023 15:27:18 - Get All Orders Data
28/08/2023 15:27:18 - Get All Orders Data
28/08/2023 15:27:18 - Get All Orders Data
28/08/2023 15:27:18 - Get All Orders Data
28/08/2023 15:27:18 - Get All Orders Data
28/08/2023 15:27:18 - Get All Orders Data
28/08/2023 15:27:18 - Get All Orders Data
28/08/2023 15:27:18 - Get All Orders Data
28/08/2023 15:27:18 - Get All Orders Data
28/08/2023 15:27:18 - Get Order for Restaurant ID 2
28/08/2023 15:30:14 - Get All User Data
28/08/2023 15:30:16 - Get User with ID 1
28/08/2023 15:30:26 - Get User with ID 1
28/08/2023 16:01:26 - Get All Restaurant Data
28/08/2023 16:01:33 - Get All Restaurant Data
29/08/2023 09:39:56 - Get All User Data
29/08/2023 10:05:01 - Get All User Data
29/08/2023 10:45:57 - Get All Restaurant Data
29/08/2023 10:57:18 - Get Restaurant with ID 1
29/08/2023 10:57:23 - Get Restaurant with ID 2
29/08/2023 10:57:33 - Get All Restaurant Data
29/08/2023 10:57:35 - Get Restaurant with ID 2
29/08/2023 11:00:29 - Get Restaurant with ID 10
29/08/2023 11:00:35 - Create Restaurant with ID 11
29/08/2023 13:38:33 - Get Restaurant with ID 11
29/08/2023 13:40:09 - Update Restaurant with ID 11
29/08/2023 13:40:14 - Update Restaurant with ID 11
29/08/2023 13:40:18 - Get Restaurant with ID 11
29/08/2023 13:40:20 - Get Restaurant with ID 11
29/08/2023 13:40:24 - Update Restaurant with ID 11
29/08/2023 13:40:26 - Get Restaurant with ID 11
29/08/2023 13:41:31 - Delete Restaurant with ID 11
29/08/2023 13:42:15 - Get All Restaurant Data
29/08/2023 13:46:32 - Create new Review for Restaurant with ID 1
29/08/2023 13:57:22 - Get All User Data
29/08/2023 13:58:42 - Get User with ID 1
29/08/2023 14:07:57 - Get All Orders Data
29/08/2023 14:07:57 - Get All Orders Data
29/08/2023 14:07:57 - Get All Orders Data
29/08/2023 14:07:57 - Get All Orders Data
29/08/2023 14:07:57 - Get All Orders Data
29/08/2023 14:07:57 - Get All Orders Data
29/08/2023 14:07:57 - Get All Orders Data
29/08/2023 14:07:57 - Get All Orders Data
29/08/2023 14:07:57 - Get All Orders Data
29/08/2023 14:09:40 - Get All Orders Data
29/08/2023 14:09:40 - Get All Orders Data
29/08/2023 14:09:40 - Get All Orders Data
29/08/2023 14:09:40 - Get All Orders Data
29/08/2023 14:09:40 - Get All Orders Data
29/08/2023 14:09:40 - Get All Orders Data
29/08/2023 14:09:40 - Get All Orders Data
29/08/2023 14:09:40 - Get All Orders Data
29/08/2023 14:09:40 - Get All Orders Data
29/08/2023 14:09:40 - Get Order with ID 2
29/08/2023 14:13:51 - Comeplete Order with ID 5
29/08/2023 14:15:08 - Create Order with ID 10
29/08/2023 14:51:42 - Create Restaurant with ID 11
29/08/2023 14:53:27 - Delete Restaurant with ID 11
29/08/2023 14:53:32 - Create Restaurant with ID 11
29/08/2023 14:53:36 - Delete Restaurant with ID 11
29/08/2023 14:54:11 - Create Restaurant with ID 11
29/08/2023 14:54:15 - Update Restaurant with ID 11
29/08/2023 14:54:20 - Update Restaurant with ID 11
29/08/2023 14:54:29 - Update Restaurant with ID 11
29/08/2023 14:54:47 - Delete Restaurant with ID 11
29/08/2023 14:54:53 - Create Restaurant with ID 11
29/08/2023 14:55:39 - Create Restaurant with ID 12
29/08/2023 14:55:52 - Create Restaurant with ID 13
29/08/2023 15:00:26 - Create Restaurant with ID 18
29/08/2023 15:00:30 - Create Restaurant with ID 19
29/08/2023 15:00:37 - Update Restaurant with ID 11
29/08/2023 15:18:05 - Get All Orders Data
29/08/2023 15:18:05 - Get All Orders Data
29/08/2023 15:18:05 - Get All Orders Data
29/08/2023 15:18:05 - Get All Orders Data
29/08/2023 15:18:05 - Get All Orders Data
29/08/2023 15:18:05 - Get All Orders Data
29/08/2023 15:18:05 - Get All Orders Data
29/08/2023 15:18:05 - Get All Orders Data
29/08/2023 15:18:05 - Get All Orders Data
29/08/2023 15:18:05 - Get All Orders Data
29/08/2023 15:18:10 - Get All Orders Data
29/08/2023 15:18:10 - Get All Orders Data
29/08/2023 15:18:10 - Get All Orders Data
29/08/2023 15:18:10 - Get All Orders Data
29/08/2023 15:18:10 - Get All Orders Data
29/08/2023 15:18:10 - Get All Orders Data
29/08/2023 15:18:10 - Get All Orders Data
29/08/2023 15:18:10 - Get All Orders Data
29/08/2023 15:18:10 - Get All Orders Data
29/08/2023 15:18:10 - Get All Orders Data
29/08/2023 15:18:10 - Get Order with ID 1
29/08/2023 15:34:04 - Create Order with ID 11
29/08/2023 16:00:45 - Get All Restaurant Data
29/08/2023 16:16:18 - Create Restaurant with ID 11
29/08/2023 16:16:23 - Update Restaurant with ID 11
29/08/2023 16:16:53 - Comeplete Order with ID 5
29/08/2023 16:17:03 - Comeplete Order with ID 8
29/08/2023 16:20:14 - Get All Orders Data
29/08/2023 16:20:14 - Get All Orders Data
29/08/2023 16:20:14 - Get All Orders Data
29/08/2023 16:20:14 - Get All Orders Data
29/08/2023 16:20:14 - Get All Orders Data
29/08/2023 16:20:14 - Get All Orders Data
29/08/2023 16:20:14 - Get All Orders Data
29/08/2023 16:20:14 - Get All Orders Data
29/08/2023 16:20:14 - Get All Orders Data
29/08/2023 16:20:14 - Get All Orders Data
29/08/2023 16:20:14 - Get All Orders Data
29/08/2023 16:25:05 - Get All Orders Data
29/08/2023 16:25:05 - Get All Orders Data
29/08/2023 16:25:05 - Get All Orders Data
29/08/2023 16:25:05 - Get All Orders Data
29/08/2023 16:25:05 - Get All Orders Data
29/08/2023 16:25:05 - Get All Orders Data
29/08/2023 16:25:05 - Get All Orders Data
29/08/2023 16:25:05 - Get All Orders Data
29/08/2023 16:25:05 - Get All Orders Data
29/08/2023 16:25:05 - Get All Orders Data
29/08/2023 16:25:05 - Get All Orders Data
29/08/2023 16:25:10 - Update Restaurant with ID 11
30/08/2023 09:44:36 - Create Restaurant with ID 12
30/08/2023 09:45:44 - Create Restaurant with ID 13
30/08/2023 09:45:50 - Delete Restaurant with ID 11
30/08/2023 09:45:56 - Delete Restaurant with ID 12
30/08/2023 09:45:59 - Delete Restaurant with ID 13
30/08/2023 09:52:38 - SignUp User with ID undefined
30/08/2023 09:53:36 - SignUp User with ID undefined
30/08/2023 09:54:00 - SignUp User with ID undefined
30/08/2023 10:32:01 - Get All Orders Data
30/08/2023 10:32:01 - Get All Orders Data
30/08/2023 10:32:01 - Get All Orders Data
30/08/2023 10:32:01 - Get All Orders Data
30/08/2023 10:32:01 - Get All Orders Data
30/08/2023 10:32:01 - Get All Orders Data
30/08/2023 10:32:01 - Get All Orders Data
30/08/2023 10:32:01 - Get All Orders Data
30/08/2023 10:32:01 - Get All Orders Data
30/08/2023 10:32:01 - Get All Orders Data
30/08/2023 10:32:01 - Get All Orders Data
30/08/2023 10:32:01 - Get Order for User ID 1
30/08/2023 10:33:24 - Get All Orders Data
30/08/2023 10:33:24 - Get All Orders Data
30/08/2023 10:33:24 - Get All Orders Data
30/08/2023 10:33:24 - Get All Orders Data
30/08/2023 10:33:24 - Get All Orders Data
30/08/2023 10:33:24 - Get All Orders Data
30/08/2023 10:33:24 - Get All Orders Data
30/08/2023 10:33:24 - Get All Orders Data
30/08/2023 10:33:24 - Get All Orders Data
30/08/2023 10:33:24 - Get All Orders Data
30/08/2023 10:33:24 - Get All Orders Data
30/08/2023 10:33:24 - Get Order for User ID 1
30/08/2023 10:34:52 - Get All Orders Data
30/08/2023 10:34:52 - Get All Orders Data
30/08/2023 10:34:52 - Get All Orders Data
30/08/2023 10:34:52 - Get All Orders Data
30/08/2023 10:34:52 - Get All Orders Data
30/08/2023 10:34:52 - Get All Orders Data
30/08/2023 10:34:52 - Get All Orders Data
30/08/2023 10:34:52 - Get All Orders Data
30/08/2023 10:34:52 - Get All Orders Data
30/08/2023 10:34:52 - Get All Orders Data
30/08/2023 10:34:52 - Get All Orders Data
30/08/2023 10:34:52 - Get Order for User ID 1
30/08/2023 10:37:29 - Get All Orders Data
30/08/2023 10:37:29 - Get All Orders Data
30/08/2023 10:37:29 - Get All Orders Data
30/08/2023 10:37:29 - Get All Orders Data
30/08/2023 10:37:29 - Get All Orders Data
30/08/2023 10:37:29 - Get All Orders Data
30/08/2023 10:37:29 - Get All Orders Data
30/08/2023 10:37:29 - Get All Orders Data
30/08/2023 10:37:29 - Get All Orders Data
30/08/2023 10:37:29 - Get All Orders Data
30/08/2023 10:37:29 - Get All Orders Data
30/08/2023 10:37:29 - Get Order for User ID 1
30/08/2023 10:39:47 - Get All Orders Data
30/08/2023 10:39:47 - Get All Orders Data
30/08/2023 10:39:47 - Get All Orders Data
30/08/2023 10:39:47 - Get All Orders Data
30/08/2023 10:39:47 - Get All Orders Data
30/08/2023 10:39:47 - Get All Orders Data
30/08/2023 10:39:47 - Get All Orders Data
30/08/2023 10:39:47 - Get All Orders Data
30/08/2023 10:39:47 - Get All Orders Data
30/08/2023 10:39:47 - Get All Orders Data
30/08/2023 10:39:47 - Get All Orders Data
30/08/2023 10:39:47 - Get Order for User ID 1
30/08/2023 10:40:26 - Get All Orders Data
30/08/2023 10:40:26 - Get All Orders Data
30/08/2023 10:40:26 - Get All Orders Data
30/08/2023 10:40:26 - Get All Orders Data
30/08/2023 10:40:26 - Get All Orders Data
30/08/2023 10:40:26 - Get All Orders Data
30/08/2023 10:40:26 - Get All Orders Data
30/08/2023 10:40:26 - Get All Orders Data
30/08/2023 10:40:26 - Get All Orders Data
30/08/2023 10:40:26 - Get All Orders Data
30/08/2023 10:40:26 - Get All Orders Data
30/08/2023 10:40:26 - Get Order for User ID 1
30/08/2023 10:40:55 - Get All Orders Data
30/08/2023 10:40:55 - Get All Orders Data
30/08/2023 10:40:55 - Get All Orders Data
30/08/2023 10:40:55 - Get All Orders Data
30/08/2023 10:40:55 - Get All Orders Data
30/08/2023 10:40:55 - Get All Orders Data
30/08/2023 10:40:55 - Get All Orders Data
30/08/2023 10:40:55 - Get All Orders Data
30/08/2023 10:40:55 - Get All Orders Data
30/08/2023 10:40:55 - Get All Orders Data
30/08/2023 10:40:55 - Get All Orders Data
30/08/2023 10:40:55 - Get Order for User ID 1
30/08/2023 10:42:30 - Get All Orders Data
30/08/2023 10:42:30 - Get All Orders Data
30/08/2023 10:42:30 - Get All Orders Data
30/08/2023 10:42:30 - Get All Orders Data
30/08/2023 10:42:30 - Get All Orders Data
30/08/2023 10:42:30 - Get All Orders Data
30/08/2023 10:42:30 - Get All Orders Data
30/08/2023 10:42:30 - Get All Orders Data
30/08/2023 10:42:30 - Get All Orders Data
30/08/2023 10:42:30 - Get All Orders Data
30/08/2023 10:42:30 - Get All Orders Data
30/08/2023 10:42:30 - Get Order for User ID 1
30/08/2023 10:44:42 - Get User with ID 1
30/08/2023 10:44:48 - Get All Orders Data
30/08/2023 10:44:48 - Get All Orders Data
30/08/2023 10:44:48 - Get All Orders Data
30/08/2023 10:44:48 - Get All Orders Data
30/08/2023 10:44:48 - Get All Orders Data
30/08/2023 10:44:48 - Get All Orders Data
30/08/2023 10:44:48 - Get All Orders Data
30/08/2023 10:44:48 - Get All Orders Data
30/08/2023 10:44:48 - Get All Orders Data
30/08/2023 10:44:48 - Get All Orders Data
30/08/2023 10:44:48 - Get All Orders Data
30/08/2023 10:45:21 - Get All Orders Data
30/08/2023 10:45:21 - Get All Orders Data
30/08/2023 10:45:21 - Get All Orders Data
30/08/2023 10:45:21 - Get All Orders Data
30/08/2023 10:45:21 - Get All Orders Data
30/08/2023 10:45:21 - Get All Orders Data
30/08/2023 10:45:21 - Get All Orders Data
30/08/2023 10:45:21 - Get All Orders Data
30/08/2023 10:45:21 - Get All Orders Data
30/08/2023 10:45:21 - Get All Orders Data
30/08/2023 10:45:21 - Get All Orders Data
30/08/2023 10:45:26 - Get All Orders Data
30/08/2023 10:45:26 - Get All Orders Data
30/08/2023 10:45:26 - Get All Orders Data
30/08/2023 10:45:26 - Get All Orders Data
30/08/2023 10:45:26 - Get All Orders Data
30/08/2023 10:45:26 - Get All Orders Data
30/08/2023 10:45:26 - Get All Orders Data
30/08/2023 10:45:26 - Get All Orders Data
30/08/2023 10:45:26 - Get All Orders Data
30/08/2023 10:45:26 - Get All Orders Data
30/08/2023 10:45:26 - Get All Orders Data
30/08/2023 10:45:26 - Get Order for User ID 1
30/08/2023 10:48:49 - Get All Restaurant Data
30/08/2023 10:49:57 - Get All Orders Data
30/08/2023 10:49:57 - Get All Orders Data
30/08/2023 10:49:57 - Get All Orders Data
30/08/2023 10:49:57 - Get All Orders Data
30/08/2023 10:49:57 - Get All Orders Data
30/08/2023 10:49:57 - Get All Orders Data
30/08/2023 10:49:57 - Get All Orders Data
30/08/2023 10:49:57 - Get All Orders Data
30/08/2023 10:49:57 - Get All Orders Data
30/08/2023 10:49:57 - Get All Orders Data
30/08/2023 10:49:57 - Get All Orders Data
30/08/2023 10:49:57 - Get Order for User ID 1
30/08/2023 10:50:16 - Get All Orders Data
30/08/2023 10:50:16 - Get All Orders Data
30/08/2023 10:50:16 - Get All Orders Data
30/08/2023 10:50:16 - Get All Orders Data
30/08/2023 10:50:16 - Get All Orders Data
30/08/2023 10:50:16 - Get All Orders Data
30/08/2023 10:50:16 - Get All Orders Data
30/08/2023 10:50:16 - Get All Orders Data
30/08/2023 10:50:16 - Get All Orders Data
30/08/2023 10:50:16 - Get All Orders Data
30/08/2023 10:50:16 - Get All Orders Data
30/08/2023 10:50:16 - Get Order for User ID 1
30/08/2023 10:59:04 - Create new Review for Restaurant with ID 1
30/08/2023 11:09:14 - Get All Orders Data
30/08/2023 11:09:14 - Get All Orders Data
30/08/2023 11:09:14 - Get All Orders Data
30/08/2023 11:09:14 - Get All Orders Data
30/08/2023 11:09:14 - Get All Orders Data
30/08/2023 11:09:14 - Get All Orders Data
30/08/2023 11:09:14 - Get All Orders Data
30/08/2023 11:09:14 - Get All Orders Data
30/08/2023 11:09:14 - Get All Orders Data
30/08/2023 11:09:14 - Get All Orders Data
30/08/2023 11:09:14 - Get All Orders Data
30/08/2023 11:09:14 - Get Order for User ID 1
30/08/2023 11:09:29 - Get All Orders Data
30/08/2023 11:09:29 - Get All Orders Data
30/08/2023 11:09:29 - Get All Orders Data
30/08/2023 11:09:29 - Get All Orders Data
30/08/2023 11:09:29 - Get All Orders Data
30/08/2023 11:09:29 - Get All Orders Data
30/08/2023 11:09:29 - Get All Orders Data
30/08/2023 11:09:29 - Get All Orders Data
30/08/2023 11:09:29 - Get All Orders Data
30/08/2023 11:09:29 - Get All Orders Data
30/08/2023 11:09:29 - Get All Orders Data
30/08/2023 11:09:29 - Get Order for User ID 12
30/08/2023 11:09:44 - Get All Orders Data
30/08/2023 11:09:44 - Get All Orders Data
30/08/2023 11:09:44 - Get All Orders Data
30/08/2023 11:09:44 - Get All Orders Data
30/08/2023 11:09:44 - Get All Orders Data
30/08/2023 11:09:44 - Get All Orders Data
30/08/2023 11:09:44 - Get All Orders Data
30/08/2023 11:09:44 - Get All Orders Data
30/08/2023 11:09:44 - Get All Orders Data
30/08/2023 11:09:44 - Get All Orders Data
30/08/2023 11:09:44 - Get Order for User ID 1
30/08/2023 11:09:44 - Get All Orders Data
30/08/2023 11:11:25 - Get All Restaurant Data
30/08/2023 11:12:31 - Create new Review for Restaurant with ID 1
30/08/2023 11:18:03 - Get All Orders Data
30/08/2023 11:18:03 - Get All Orders Data
30/08/2023 11:18:03 - Get All Orders Data
30/08/2023 11:18:03 - Get All Orders Data
30/08/2023 11:18:03 - Get All Orders Data
30/08/2023 11:18:03 - Get All Orders Data
30/08/2023 11:18:03 - Get All Orders Data
30/08/2023 11:18:03 - Get All Orders Data
30/08/2023 11:18:03 - Get All Orders Data
30/08/2023 11:18:03 - Get All Orders Data
30/08/2023 11:18:03 - Get All Orders Data
30/08/2023 11:18:03 - Get Order for User ID 1
30/08/2023 11:20:35 - Get All User Data
30/08/2023 11:26:50 - Get All Orders Data
30/08/2023 11:26:50 - Get All Orders Data
30/08/2023 11:26:50 - Get All Orders Data
30/08/2023 11:26:50 - Get All Orders Data
30/08/2023 11:26:50 - Get All Orders Data
30/08/2023 11:26:50 - Get All Orders Data
30/08/2023 11:26:50 - Get All Orders Data
30/08/2023 11:26:50 - Get All Orders Data
30/08/2023 11:26:50 - Get All Orders Data
30/08/2023 11:26:50 - Get All Orders Data
30/08/2023 11:26:50 - Get Order for User ID 1
30/08/2023 11:26:50 - Get All Orders Data
30/08/2023 11:26:59 - Create Order with ID 12
30/08/2023 11:28:15 - Create Order with ID 13
30/08/2023 11:28:27 - Create Order with ID 14
30/08/2023 11:30:44 - Get All Orders Data
30/08/2023 11:30:44 - Get All Orders Data
30/08/2023 11:30:44 - Get All Orders Data
30/08/2023 11:30:44 - Get All Orders Data
30/08/2023 11:30:44 - Get All Orders Data
30/08/2023 11:30:44 - Get All Orders Data
30/08/2023 11:30:44 - Get All Orders Data
30/08/2023 11:30:44 - Get All Orders Data
30/08/2023 11:30:44 - Get All Orders Data
30/08/2023 11:30:44 - Get All Orders Data
30/08/2023 11:30:44 - Get All Orders Data
30/08/2023 11:30:44 - Get All Orders Data
30/08/2023 11:30:44 - Get All Orders Data
30/08/2023 11:31:02 - Create Order with ID 14
30/08/2023 11:31:34 - Create Order with ID 15
30/08/2023 11:31:40 - Create Order with ID 16
30/08/2023 11:37:47 - SignUp User with ID undefined
30/08/2023 12:16:35 - Get All Orders Data
30/08/2023 12:16:35 - Get All Orders Data
30/08/2023 12:16:35 - Get All Orders Data
30/08/2023 12:16:35 - Get All Orders Data
30/08/2023 12:16:35 - Get All Orders Data
30/08/2023 12:16:35 - Get All Orders Data
30/08/2023 12:16:35 - Get All Orders Data
30/08/2023 12:16:35 - Get All Orders Data
30/08/2023 12:16:35 - Get All Orders Data
30/08/2023 12:16:35 - Get All Orders Data
30/08/2023 12:16:35 - Get All Orders Data
30/08/2023 12:16:35 - Get All Orders Data
30/08/2023 12:16:35 - Get All Orders Data
30/08/2023 12:16:35 - Get All Orders Data
30/08/2023 12:16:35 - Get All Orders Data
30/08/2023 12:16:35 - Get All Orders Data
30/08/2023 12:16:35 - Get Order for User ID 1
30/08/2023 12:22:29 - Get All Restaurant Data
30/08/2023 12:23:09 - Get All Restaurant Data
30/08/2023 12:24:34 - Get All Restaurant Data
30/08/2023 13:32:38 - Get REview for Restaurant with ID 1
30/08/2023 13:34:12 - Get REview for Restaurant with ID 1
30/08/2023 13:34:17 - Get REview for Restaurant with ID 1
30/08/2023 13:35:02 - Get REview for Restaurant with ID 1
30/08/2023 13:35:31 - Create new Review for Restaurant with ID 1
30/08/2023 13:35:37 - Get REview for Restaurant with ID 1
30/08/2023 13:36:34 - Get REview for Restaurant with ID 1
30/08/2023 13:36:41 - Get REview for Restaurant with ID 1
30/08/2023 13:39:07 - Get REview for Restaurant with ID 1
30/08/2023 13:39:17 - Get REview for Restaurant with ID 1
30/08/2023 13:46:56 - Get REview for Restaurant with ID 1
30/08/2023 13:47:04 - Get All Restaurant Data
30/08/2023 13:48:32 - Get All Restaurant Data
30/08/2023 13:48:39 - Get REview for Restaurant with ID 1
30/08/2023 13:49:17 - Get REview for Restaurant with ID 1
30/08/2023 13:49:26 - Get REview for Restaurant with ID 1
30/08/2023 13:49:48 - Get REview for Restaurant with ID 1
30/08/2023 13:51:40 - Get All Orders Data
30/08/2023 13:51:40 - Get All Orders Data
30/08/2023 13:51:40 - Get All Orders Data
30/08/2023 13:51:40 - Get All Orders Data
30/08/2023 13:51:40 - Get All Orders Data
30/08/2023 13:51:40 - Get All Orders Data
30/08/2023 13:51:40 - Get All Orders Data
30/08/2023 13:51:40 - Get All Orders Data
30/08/2023 13:51:40 - Get All Orders Data
30/08/2023 13:51:40 - Get All Orders Data
30/08/2023 13:51:40 - Get All Orders Data
30/08/2023 13:51:40 - Get All Orders Data
30/08/2023 13:51:40 - Get All Orders Data
30/08/2023 13:51:40 - Get All Orders Data
30/08/2023 13:51:40 - Get All Orders Data
30/08/2023 13:51:40 - Get All Orders Data
30/08/2023 13:51:40 - Get Order for User ID 1
30/08/2023 13:52:20 - Get User with ID 1
30/08/2023 13:55:02 - Get All Restaurant Data
30/08/2023 14:07:52 - Update Restaurant with ID 10
30/08/2023 14:08:25 - Update Restaurant with ID 10
30/08/2023 14:08:27 - Update Restaurant with ID 10
30/08/2023 14:09:18 - Update Restaurant with ID 10
30/08/2023 14:09:32 - Update Restaurant with ID 10
30/08/2023 14:26:52 - Get All Restaurant Data
30/08/2023 14:28:15 - Get All Restaurant Data
30/08/2023 14:28:27 - Get All Restaurant Data
30/08/2023 14:28:35 - Get All Restaurant Data
30/08/2023 14:31:43 - Get All Restaurant Data
30/08/2023 14:33:32 - Update Restaurant with ID 10
30/08/2023 14:33:40 - Get Restaurant with ID 10
30/08/2023 14:34:10 - Update Restaurant with ID 10
30/08/2023 14:34:57 - Update Restaurant with ID 10
30/08/2023 14:35:09 - Update Restaurant with ID 10
30/08/2023 14:38:03 - Get All Restaurant Data
30/08/2023 14:39:13 - Update Restaurant with ID 10
30/08/2023 14:39:21 - Update Restaurant with ID 10
30/08/2023 14:39:36 - Update Restaurant with ID 10
30/08/2023 14:39:54 - Update Restaurant with ID 10
30/08/2023 14:39:57 - Update Restaurant with ID 10
30/08/2023 14:42:55 - Update Restaurant with ID 10
30/08/2023 14:43:04 - Update Restaurant with ID 10
30/08/2023 14:43:32 - Update Restaurant with ID 10
30/08/2023 14:44:04 - Update Restaurant with ID 10
30/08/2023 14:44:10 - Update Restaurant with ID 10
30/08/2023 14:44:14 - Update Restaurant with ID 10
30/08/2023 14:44:27 - Update Restaurant with ID 10
30/08/2023 14:44:29 - Update Restaurant with ID 10
30/08/2023 14:44:54 - Update Restaurant with ID 10
30/08/2023 14:45:03 - Update Restaurant with ID 10
30/08/2023 14:45:08 - Update Restaurant with ID 10
30/08/2023 14:45:40 - Update Restaurant with ID 10
30/08/2023 14:45:45 - Update Restaurant with ID 10
30/08/2023 14:47:41 - Update Restaurant with ID 10
30/08/2023 14:47:46 - Update Restaurant with ID 10
30/08/2023 14:49:31 - Get Restaurant with ID 10
30/08/2023 14:51:20 - Create Restaurant with ID 11
30/08/2023 14:51:39 - Delete Restaurant with ID 11
30/08/2023 14:55:21 - Create Restaurant with ID 11
30/08/2023 14:55:56 - Create Restaurant with ID 11
30/08/2023 14:57:10 - Get Restaurant with ID 10
30/08/2023 14:58:42 - Get REview for Restaurant with ID 10
30/08/2023 15:00:55 - Get REview for Restaurant with ID 10
30/08/2023 15:05:20 - Get All Orders Data
30/08/2023 15:05:20 - Get All Orders Data
30/08/2023 15:05:20 - Get All Orders Data
30/08/2023 15:05:20 - Get All Orders Data
30/08/2023 15:05:20 - Get All Orders Data
30/08/2023 15:05:20 - Get All Orders Data
30/08/2023 15:05:20 - Get All Orders Data
30/08/2023 15:05:20 - Get All Orders Data
30/08/2023 15:05:20 - Get All Orders Data
30/08/2023 15:05:20 - Get All Orders Data
30/08/2023 15:05:20 - Get All Orders Data
30/08/2023 15:05:20 - Get All Orders Data
30/08/2023 15:05:20 - Get All Orders Data
30/08/2023 15:05:20 - Get All Orders Data
30/08/2023 15:05:20 - Get All Orders Data
30/08/2023 15:05:20 - Get All Orders Data
30/08/2023 15:05:20 - Get Order for Restaurant ID 2
30/08/2023 15:06:07 - Get All Orders Data
30/08/2023 15:06:07 - Get All Orders Data
30/08/2023 15:06:07 - Get All Orders Data
30/08/2023 15:06:07 - Get All Orders Data
30/08/2023 15:06:07 - Get All Orders Data
30/08/2023 15:06:07 - Get All Orders Data
30/08/2023 15:06:07 - Get All Orders Data
30/08/2023 15:06:07 - Get All Orders Data
30/08/2023 15:06:07 - Get All Orders Data
30/08/2023 15:06:07 - Get All Orders Data
30/08/2023 15:06:07 - Get All Orders Data
30/08/2023 15:06:07 - Get All Orders Data
30/08/2023 15:06:07 - Get All Orders Data
30/08/2023 15:06:07 - Get All Orders Data
30/08/2023 15:06:07 - Get All Orders Data
30/08/2023 15:06:07 - Get All Orders Data
30/08/2023 15:06:07 - Get Order for Restaurant ID 2
30/08/2023 15:07:03 - Get All Orders Data
30/08/2023 15:07:03 - Get All Orders Data
30/08/2023 15:07:03 - Get All Orders Data
30/08/2023 15:07:03 - Get All Orders Data
30/08/2023 15:07:03 - Get All Orders Data
30/08/2023 15:07:03 - Get All Orders Data
30/08/2023 15:07:03 - Get All Orders Data
30/08/2023 15:07:03 - Get All Orders Data
30/08/2023 15:07:03 - Get All Orders Data
30/08/2023 15:07:03 - Get All Orders Data
30/08/2023 15:07:03 - Get All Orders Data
30/08/2023 15:07:03 - Get All Orders Data
30/08/2023 15:07:03 - Get All Orders Data
30/08/2023 15:07:03 - Get All Orders Data
30/08/2023 15:07:03 - Get All Orders Data
30/08/2023 15:07:03 - Get All Orders Data
30/08/2023 15:07:03 - Get Order for Restaurant ID 2
30/08/2023 15:14:11 - Update Restaurant with ID 10
30/08/2023 15:14:13 - Update Restaurant with ID 10
30/08/2023 15:16:28 - Update Restaurant with ID 10
30/08/2023 15:16:32 - Get All Orders Data
30/08/2023 15:16:32 - Get All Orders Data
30/08/2023 15:16:32 - Get All Orders Data
30/08/2023 15:16:32 - Get All Orders Data
30/08/2023 15:16:32 - Get All Orders Data
30/08/2023 15:16:32 - Get All Orders Data
30/08/2023 15:16:32 - Get All Orders Data
30/08/2023 15:16:32 - Get All Orders Data
30/08/2023 15:16:32 - Get All Orders Data
30/08/2023 15:16:32 - Get All Orders Data
30/08/2023 15:16:32 - Get All Orders Data
30/08/2023 15:16:32 - Get All Orders Data
30/08/2023 15:16:32 - Get All Orders Data
30/08/2023 15:16:32 - Get All Orders Data
30/08/2023 15:16:32 - Get All Orders Data
30/08/2023 15:16:32 - Get All Orders Data
30/08/2023 15:16:32 - Get Order for Restaurant ID 1
30/08/2023 15:17:05 - Get REview for Restaurant with ID 10
30/08/2023 15:17:14 - Get All Orders Data
30/08/2023 15:17:14 - Get All Orders Data
30/08/2023 15:17:14 - Get All Orders Data
30/08/2023 15:17:14 - Get All Orders Data
30/08/2023 15:17:14 - Get All Orders Data
30/08/2023 15:17:14 - Get All Orders Data
30/08/2023 15:17:14 - Get All Orders Data
30/08/2023 15:17:14 - Get All Orders Data
30/08/2023 15:17:14 - Get All Orders Data
30/08/2023 15:17:14 - Get All Orders Data
30/08/2023 15:17:14 - Get All Orders Data
30/08/2023 15:17:14 - Get All Orders Data
30/08/2023 15:17:14 - Get All Orders Data
30/08/2023 15:17:14 - Get All Orders Data
30/08/2023 15:17:14 - Get All Orders Data
30/08/2023 15:17:14 - Get All Orders Data
30/08/2023 15:17:14 - Get Order for Restaurant ID 10
30/08/2023 15:17:18 - Get All Orders Data
30/08/2023 15:17:18 - Get All Orders Data
30/08/2023 15:17:18 - Get All Orders Data
30/08/2023 15:17:18 - Get All Orders Data
30/08/2023 15:17:18 - Get All Orders Data
30/08/2023 15:17:18 - Get All Orders Data
30/08/2023 15:17:18 - Get All Orders Data
30/08/2023 15:17:18 - Get All Orders Data
30/08/2023 15:17:18 - Get All Orders Data
30/08/2023 15:17:18 - Get All Orders Data
30/08/2023 15:17:18 - Get All Orders Data
30/08/2023 15:17:18 - Get All Orders Data
30/08/2023 15:17:18 - Get All Orders Data
30/08/2023 15:17:18 - Get All Orders Data
30/08/2023 15:17:18 - Get All Orders Data
30/08/2023 15:17:18 - Get All Orders Data
30/08/2023 15:17:18 - Get Order for Restaurant ID 1
30/08/2023 15:18:06 - Get All Orders Data
30/08/2023 15:18:06 - Get All Orders Data
30/08/2023 15:18:06 - Get All Orders Data
30/08/2023 15:18:06 - Get All Orders Data
30/08/2023 15:18:06 - Get All Orders Data
30/08/2023 15:18:06 - Get All Orders Data
30/08/2023 15:18:06 - Get All Orders Data
30/08/2023 15:18:06 - Get All Orders Data
30/08/2023 15:18:06 - Get All Orders Data
30/08/2023 15:18:06 - Get All Orders Data
30/08/2023 15:18:06 - Get All Orders Data
30/08/2023 15:18:06 - Get All Orders Data
30/08/2023 15:18:06 - Get All Orders Data
30/08/2023 15:18:06 - Get All Orders Data
30/08/2023 15:18:06 - Get All Orders Data
30/08/2023 15:18:06 - Get All Orders Data
30/08/2023 15:18:06 - Get Order for Restaurant ID 1
30/08/2023 15:18:10 - Get All Orders Data
30/08/2023 15:18:10 - Get All Orders Data
30/08/2023 15:18:10 - Get All Orders Data
30/08/2023 15:18:10 - Get All Orders Data
30/08/2023 15:18:10 - Get All Orders Data
30/08/2023 15:18:10 - Get All Orders Data
30/08/2023 15:18:10 - Get All Orders Data
30/08/2023 15:18:10 - Get All Orders Data
30/08/2023 15:18:10 - Get All Orders Data
30/08/2023 15:18:10 - Get All Orders Data
30/08/2023 15:18:10 - Get All Orders Data
30/08/2023 15:18:10 - Get All Orders Data
30/08/2023 15:18:10 - Get All Orders Data
30/08/2023 15:18:10 - Get All Orders Data
30/08/2023 15:18:10 - Get All Orders Data
30/08/2023 15:18:10 - Get All Orders Data
30/08/2023 15:18:10 - Get Order for Restaurant ID 10
30/08/2023 15:18:15 - Get All Orders Data
30/08/2023 15:18:15 - Get All Orders Data
30/08/2023 15:18:15 - Get All Orders Data
30/08/2023 15:18:15 - Get All Orders Data
30/08/2023 15:18:15 - Get All Orders Data
30/08/2023 15:18:15 - Get All Orders Data
30/08/2023 15:18:15 - Get All Orders Data
30/08/2023 15:18:15 - Get All Orders Data
30/08/2023 15:18:15 - Get All Orders Data
30/08/2023 15:18:15 - Get All Orders Data
30/08/2023 15:18:15 - Get All Orders Data
30/08/2023 15:18:15 - Get All Orders Data
30/08/2023 15:18:15 - Get All Orders Data
30/08/2023 15:18:15 - Get All Orders Data
30/08/2023 15:18:15 - Get All Orders Data
30/08/2023 15:18:15 - Get All Orders Data
30/08/2023 15:18:15 - Get Order for Restaurant ID 1
30/08/2023 15:18:44 - Get Restaurant with ID 10
30/08/2023 15:19:02 - Get All Orders Data
30/08/2023 15:19:02 - Get All Orders Data
30/08/2023 15:19:02 - Get All Orders Data
30/08/2023 15:19:02 - Get All Orders Data
30/08/2023 15:19:02 - Get All Orders Data
30/08/2023 15:19:02 - Get All Orders Data
30/08/2023 15:19:02 - Get All Orders Data
30/08/2023 15:19:02 - Get All Orders Data
30/08/2023 15:19:02 - Get All Orders Data
30/08/2023 15:19:02 - Get All Orders Data
30/08/2023 15:19:02 - Get All Orders Data
30/08/2023 15:19:02 - Get All Orders Data
30/08/2023 15:19:02 - Get All Orders Data
30/08/2023 15:19:02 - Get All Orders Data
30/08/2023 15:19:02 - Get All Orders Data
30/08/2023 15:19:02 - Get All Orders Data
30/08/2023 15:19:02 - Get Order for Restaurant ID 1
30/08/2023 15:19:21 - Get All Orders Data
30/08/2023 15:19:21 - Get All Orders Data
30/08/2023 15:19:21 - Get All Orders Data
30/08/2023 15:19:21 - Get All Orders Data
30/08/2023 15:19:21 - Get All Orders Data
30/08/2023 15:19:21 - Get All Orders Data
30/08/2023 15:19:21 - Get All Orders Data
30/08/2023 15:19:21 - Get All Orders Data
30/08/2023 15:19:21 - Get All Orders Data
30/08/2023 15:19:21 - Get All Orders Data
30/08/2023 15:19:21 - Get All Orders Data
30/08/2023 15:19:21 - Get All Orders Data
30/08/2023 15:19:21 - Get All Orders Data
30/08/2023 15:19:21 - Get All Orders Data
30/08/2023 15:19:21 - Get All Orders Data
30/08/2023 15:19:21 - Get All Orders Data
30/08/2023 15:19:21 - Get Order for User ID 1
30/08/2023 16:29:41 - Get All Restaurant Data
30/08/2023 16:39:53 - Get All Orders Data
30/08/2023 16:39:53 - Get All Orders Data
30/08/2023 16:39:53 - Get All Orders Data
30/08/2023 16:39:53 - Get All Orders Data
30/08/2023 16:39:53 - Get All Orders Data
30/08/2023 16:39:53 - Get All Orders Data
30/08/2023 16:39:53 - Get All Orders Data
30/08/2023 16:39:53 - Get All Orders Data
30/08/2023 16:39:53 - Get All Orders Data
30/08/2023 16:39:53 - Get All Orders Data
30/08/2023 16:39:53 - Get All Orders Data
30/08/2023 16:39:53 - Get All Orders Data
30/08/2023 16:39:53 - Get All Orders Data
30/08/2023 16:39:53 - Get All Orders Data
30/08/2023 16:39:53 - Get All Orders Data
30/08/2023 16:39:53 - Get All Orders Data
30/08/2023 16:39:53 - Get Order for User ID 1
30/08/2023 16:40:17 - Get All Restaurant Data
30/08/2023 16:41:53 - Get All Restaurant Data
